Arguments: 
  C:\Program Files\nodejs\node.exe C:\Program Files (x86)\Yarn\bin\yarn.js

PATH: 
  C:\Program Files\OpenJDK\jdk-8.0.292.10-hotspot\bin;C:\Program Files\Common Files\Oracle\Java\javapath;C:\Windows\system32;C:\Windows;C:\Windows\System32\Wbem;C:\Windows\System32\WindowsPowerShell\v1.0\;C:\Windows\System32\OpenSSH\;C:\Program Files\Git\cmd;C:\Program Files\Microsoft SQL Server\Client SDK\ODBC\170\Tools\Binn\;C:\Program Files (x86)\Microsoft SQL Server\150\Tools\Binn\;C:\Program Files\Microsoft SQL Server\150\Tools\Binn\;C:\Program Files\Microsoft SQL Server\150\DTS\Binn\;C:\Program Files (x86)\Microsoft SQL Server\150\DTS\Binn\;C:\Program Files\Azure Data Studio\bin;C:\xampp\php;C:\ProgramData\ComposerSetup\bin;C:\Users\Deproinf\AppData\Local\Programs\Python\Python310\Scripts;C:\Users\Deproinf\AppData\Local\Programs\Python\Python310;C:\Python27\Scripts;C:\Python27;C:\Users\Deproinf\AppData\Roaming\nvm;C:\Program Files\nodejs;C:\Program Files\Docker\Docker\resources\bin;C:\Program Files (x86)\Yarn\bin\;C:\Users\Deproinf\AppData\Local\Programs\Python\Python39\Scripts\;C:\Users\Deproinf\AppData\Local\Programs\Python\Python39\;C:\Users\Deproinf\AppData\Roaming\Microsoft\Windows\Start Menu\Programs\Python 3.10;C:\Users\Deproinf\AppData\Local\Programs\Python\Python310\Scripts;C:\Users\Deproinf\AppData\Local\Programs\Python\Python310;C:\Python27;C:\Python27\Scripts;C:\Users\Deproinf\AppData\Roaming\nvm;C:\Program Files\nodejs;C:\Users\Deproinf\AppData\Local\Programs\Microsoft VS Code\bin;C:\Users\Deproinf\AppData\Roaming\npm\node_modules\@angular\cli\bin\ng;C:\Users\Deproinf\AppData\Local\Yarn\bin

Yarn version: 
  1.22.19

Node version: 
  16.20.0

Platform: 
  win32 x64

Trace: 
  Error: https://registry.yarnpkg.com/@icons/material/-/material-0.2.4.tgz: ESOCKETTIMEDOUT
      at ClientRequest.<anonymous> (C:\Program Files (x86)\Yarn\lib\cli.js:141517:19)
      at Object.onceWrapper (node:events:627:28)
      at ClientRequest.emit (node:events:513:28)
      at TLSSocket.emitRequestTimeout (node:_http_client:839:9)
      at Object.onceWrapper (node:events:627:28)
      at TLSSocket.emit (node:events:525:35)
      at TLSSocket.Socket._onTimeout (node:net:550:8)
      at listOnTimeout (node:internal/timers:559:17)
      at processTimers (node:internal/timers:502:7)

npm manifest: 
  {
    "name": "dashbyte-react",
    "homepage": "http://dashbyte-react.themepixels.me",
    "version": "1.0.2",
    "private": true,
    "dependencies": {
      "@fullcalendar/core": "^6.1.4",
      "@fullcalendar/daygrid": "^6.1.4",
      "@fullcalendar/react": "^6.1.4",
      "@fullcalendar/timegrid": "^6.1.4",
      "@react-jvectormap/core": "^1.0.4",
      "@react-jvectormap/unitedstates": "^1.0.1",
      "@react-jvectormap/world": "^1.1.2",
      "@testing-library/jest-dom": "^5.16.5",
      "@testing-library/react": "^13.4.0",
      "@testing-library/user-event": "^13.5.0",
      "apexcharts": "^3.37.0",
      "bootstrap": "^5.2.3",
      "chart.js": "^4.2.0",
      "cryptofont": "^0.1.1",
      "dompurify": "^2.4.3",
      "feather-icons": "^4.29.0",
      "gridjs": "^6.0.6",
      "gridjs-react": "^6.0.1",
      "jquery": "^3.6.3",
      "leaflet": "^1.9.3",
      "moment": "^2.29.4",
      "node-sass": "^8.0.0",
      "perfect-scrollbar": "^1.5.5",
      "prismjs": "^1.29.0",
      "react": "^18.2.0",
      "react-apexcharts": "^1.4.0",
      "react-bootstrap": "^2.7.0",
      "react-chartjs-2": "^5.2.0",
      "react-color": "^2.19.3",
      "react-datepicker": "^4.10.0",
      "react-dom": "^18.2.0",
      "react-leaflet": "^4.2.0",
      "react-perfect-scrollbar": "^1.5.8",
      "react-quill": "^2.0.0",
      "react-router-dom": "^6.7.0",
      "react-scripts": "^5.0.1",
      "react-select": "^5.7.0",
      "web-vitals": "^2.1.4"
    },
    "scripts": {
      "start": "react-scripts start",
      "build": "react-scripts build",
      "test": "react-scripts test",
      "eject": "react-scripts eject"
    },
    "eslintConfig": {
      "extends": [
        "react-app",
        "react-app/jest"
      ]
    },
    "browserslist": {
      "production": [
        ">0.2%",
        "not dead",
        "not op_mini all"
      ],
      "development": [
        "last 1 chrome version",
        "last 1 firefox version",
        "last 1 safari version"
      ]
    },
    "devDependencies": {
      "@types/leaflet": "^1.9.0",
      "babel-plugin-prismjs": "^2.1.0",
      "sass": "^1.57.1"
    }
  }

yarn manifest: 
  No manifest

Lockfile: 
  No lockfile
